<?xml version="1.0" encoding="UTF-8"?>
<!-- Generated by org.testng.reporters.JUnitReportReporter -->
<testsuite skipped="0" hostname="LAPTOP-D8G97AUN" name="testcases.CreateNewDO" tests="2" failures="0" timestamp="20 Oct 2020 08:35:11 GMT" time="62.458" errors="0">
  <testcase name="loginLogOut" time="30.069" classname="testcases.CreateNewDO"/>
  <testcase name="loginLogOut" time="32.389" classname="testcases.CreateNewDO"/>
</testsuite> <!-- testcases.CreateNewDO -->
