<?xml version="1.0" encoding="UTF-8"?>
<!-- Generated by org.testng.reporters.JUnitReportReporter -->
<testsuite skipped="0" hostname="LAPTOP-D8G97AUN" name="testcases.US18_5_6_7_TDM_PO_Invoice_DO_Tabs" tests="1" failures="0" timestamp="07 Sep 2020 11:00:57 GMT" time="12.881" errors="0">
  <testcase name="loginLogOut" time="12.881" classname="testcases.US18_5_6_7_TDM_PO_Invoice_DO_Tabs"/>
</testsuite> <!-- testcases.US18_5_6_7_TDM_PO_Invoice_DO_Tabs -->
