<?xml version="1.0" encoding="UTF-8"?>
<!-- Generated by org.testng.reporters.JUnitReportReporter -->
<testsuite skipped="0" hostname="paxel0014" name="testcases.CreateBinPlantation1" tests="1" failures="0" timestamp="15 Jul 2020 20:12:48 GMT" time="20.391" errors="0">
  <testcase name="loginLogOut" time="20.391" classname="testcases.CreateBinPlantation1"/>
</testsuite> <!-- testcases.CreateBinPlantation1 -->
