<?xml version="1.0" encoding="UTF-8"?>
<!-- Generated by org.testng.reporters.JUnitReportReporter -->
<testsuite skipped="0" hostname="LAPTOP-D8G97AUN" name="testcases.RefineryIncomingDOViewAssociatedDocs" tests="1" failures="0" timestamp="08 Aug 2020 15:20:35 GMT" time="14.902" errors="0">
  <testcase name="loginLogOut" time="14.902" classname="testcases.RefineryIncomingDOViewAssociatedDocs"/>
</testsuite> <!-- testcases.RefineryIncomingDOViewAssociatedDocs -->
