<?xml version="1.0" encoding="UTF-8"?>
<!-- Generated by org.testng.reporters.JUnitReportReporter -->
<testsuite skipped="0" hostname="LAPTOP-D8G97AUN" name="testcases.PalmOilMillFeedback" tests="1" failures="0" timestamp="01 Aug 2020 18:29:35 GMT" time="22.370" errors="0">
  <testcase name="loginLogOut" time="22.370" classname="testcases.PalmOilMillFeedback"/>
</testsuite> <!-- testcases.PalmOilMillFeedback -->
