<?xml version="1.0" encoding="UTF-8"?>
<!-- Generated by org.testng.reporters.JUnitReportReporter -->
<testsuite skipped="0" hostname="LAPTOP-D8G97AUN" name="testcases.US18_16_17_TDM_Original_AssociatedDocsView" tests="1" failures="0" timestamp="07 Sep 2020 11:00:57 GMT" time="15.013" errors="0">
  <testcase name="loginLogOut" time="15.013" classname="testcases.US18_16_17_TDM_Original_AssociatedDocsView"/>
</testsuite> <!-- testcases.US18_16_17_TDM_Original_AssociatedDocsView -->
