<?xml version="1.0" encoding="UTF-8"?>
<!-- Generated by org.testng.reporters.JUnitReportReporter -->
<testsuite skipped="0" hostname="LAPTOP-D8G97AUN" name="testcases.RefineryCreateNewDO" tests="1" failures="0" timestamp="18 Aug 2020 16:41:28 GMT" time="43.667" errors="0">
  <testcase name="loginLogOut" time="43.667" classname="testcases.RefineryCreateNewDO"/>
</testsuite> <!-- testcases.RefineryCreateNewDO -->
