<?xml version="1.0" encoding="UTF-8"?>
<!-- Generated by org.testng.reporters.JUnitReportReporter -->
<testsuite skipped="0" hostname="LAPTOP-D8G97AUN" name="testcases.PalmOilMillEditDraftNewDO" tests="1" failures="0" timestamp="14 Aug 2020 14:56:18 GMT" time="37.989" errors="0">
  <testcase name="loginLogOut" time="37.989" classname="testcases.PalmOilMillEditDraftNewDO"/>
</testsuite> <!-- testcases.PalmOilMillEditDraftNewDO -->
