<?xml version="1.0" encoding="UTF-8"?>
<!-- Generated by org.testng.reporters.JUnitReportReporter -->
<testsuite skipped="0" hostname="LAPTOP-D8G97AUN" name="testcases.RefineryProductionInputStorageUpdate" tests="1" failures="0" timestamp="18 Aug 2020 16:37:20 GMT" time="29.323" errors="0">
  <testcase name="loginLogOut" time="29.323" classname="testcases.RefineryProductionInputStorageUpdate"/>
</testsuite> <!-- testcases.RefineryProductionInputStorageUpdate -->
