<?xml version="1.0" encoding="UTF-8"?>
<!-- Generated by org.testng.reporters.JUnitReportReporter -->
<testsuite skipped="0" hostname="LAPTOP-D8G97AUN" name="testcases.PalmOilMillIncomingDOAddWeighbridge" tests="1" failures="0" timestamp="01 Aug 2020 18:45:29 GMT" time="30.073" errors="0">
  <testcase name="loginLogOut" time="30.073" classname="testcases.PalmOilMillIncomingDOAddWeighbridge"/>
</testsuite> <!-- testcases.PalmOilMillIncomingDOAddWeighbridge -->
