<?xml version="1.0" encoding="UTF-8"?>
<!-- Generated by org.testng.reporters.JUnitReportReporter -->
<testsuite skipped="0" hostname="LAPTOP-D8G97AUN" name="testcases.PalmOilMillQualityCreateReportFFBQuality" tests="1" failures="0" timestamp="01 Aug 2020 19:32:22 GMT" time="21.112" errors="0">
  <testcase name="loginLogOut" time="21.112" classname="testcases.PalmOilMillQualityCreateReportFFBQuality"/>
</testsuite> <!-- testcases.PalmOilMillQualityCreateReportFFBQuality -->
