<?xml version="1.0" encoding="UTF-8"?>
<!-- Generated by org.testng.reporters.JUnitReportReporter -->
<testsuite skipped="0" hostname="LAPTOP-D8G97AUN" name="testcases.PalmOilMillWeighbridgeEdit" tests="1" failures="0" timestamp="01 Aug 2020 19:38:55 GMT" time="18.181" errors="0">
  <testcase name="loginLogOut" time="18.181" classname="testcases.PalmOilMillWeighbridgeEdit"/>
</testsuite> <!-- testcases.PalmOilMillWeighbridgeEdit -->
