<?xml version="1.0" encoding="UTF-8"?>
<!-- Generated by org.testng.reporters.JUnitReportReporter -->
<testsuite skipped="0" hostname="LAPTOP-D8G97AUN" name="testcases.PlantationAuditReport" tests="1" failures="0" timestamp="01 Aug 2020 19:39:53 GMT" time="16.107" errors="0">
  <testcase name="loginLogOut" time="16.107" classname="testcases.PlantationAuditReport"/>
</testsuite> <!-- testcases.PlantationAuditReport -->
