<?xml version="1.0" encoding="UTF-8"?>
<!-- Generated by org.testng.reporters.JUnitReportReporter -->
<testsuite skipped="0" hostname="LAPTOP-D8G97AUN" name="testcases.PalmOilMillOutgoingDOAddWeighbridge" tests="1" failures="0" timestamp="01 Aug 2020 19:11:20 GMT" time="31.878" errors="0">
  <testcase name="loginLogOut" time="31.878" classname="testcases.PalmOilMillOutgoingDOAddWeighbridge"/>
</testsuite> <!-- testcases.PalmOilMillOutgoingDOAddWeighbridge -->
