<?xml version="1.0" encoding="UTF-8"?>
<!-- Generated by org.testng.reporters.JUnitReportReporter -->
<testsuite skipped="0" hostname="paxel0014" name="testcases.TC001_LoginLogOut" tests="1" failures="0" timestamp="15 Jul 2020 09:59:11 GMT" time="20.921" errors="0">
  <testcase name="loginLogOut" time="20.921" classname="testcases.TC001_LoginLogOut"/>
</testsuite> <!-- testcases.TC001_LoginLogOut -->
