<?xml version="1.0" encoding="UTF-8"?>
<!-- Generated by org.testng.reporters.JUnitReportReporter -->
<testsuite skipped="0" hostname="LAPTOP-D8G97AUN" name="testcases.PalmOilMillProductionSourcedBatchView" tests="1" failures="0" timestamp="01 Aug 2020 19:19:57 GMT" time="20.592" errors="0">
  <testcase name="loginLogOut" time="20.592" classname="testcases.PalmOilMillProductionSourcedBatchView"/>
</testsuite> <!-- testcases.PalmOilMillProductionSourcedBatchView -->
