<?xml version="1.0" encoding="UTF-8"?>
<!-- Generated by org.testng.reporters.JUnitReportReporter -->
<testsuite skipped="0" hostname="LAPTOP-D8G97AUN" name="testcases.PlantationFeedback" tests="1" failures="0" timestamp="08 Aug 2020 15:37:03 GMT" time="14.350" errors="0">
  <testcase name="loginLogOut" time="14.350" classname="testcases.PlantationFeedback"/>
</testsuite> <!-- testcases.PlantationFeedback -->
