<?xml version="1.0" encoding="UTF-8"?>
<!-- Generated by org.testng.reporters.JUnitReportReporter -->
<testsuite skipped="0" hostname="LAPTOP-D8G97AUN" name="testcases.PalmOilMillOutgoingDOVIEWAssociatedDocs" tests="1" failures="0" timestamp="01 Aug 2020 19:11:58 GMT" time="22.168" errors="0">
  <testcase name="loginLogOut" time="22.168" classname="testcases.PalmOilMillOutgoingDOVIEWAssociatedDocs"/>
</testsuite> <!-- testcases.PalmOilMillOutgoingDOVIEWAssociatedDocs -->
