<?xml version="1.0" encoding="UTF-8"?>
<!-- Generated by org.testng.reporters.JUnitReportReporter -->
<testsuite skipped="0" hostname="LAPTOP-D8G97AUN" name="testcases.US18_10_11_12_13_14_15_TDM_ViewAllDO" tests="1" failures="0" timestamp="07 Sep 2020 11:00:57 GMT" time="15.911" errors="0">
  <testcase name="loginLogOut" time="15.911" classname="testcases.US18_10_11_12_13_14_15_TDM_ViewAllDO"/>
</testsuite> <!-- testcases.US18_10_11_12_13_14_15_TDM_ViewAllDO -->
