<?xml version="1.0" encoding="UTF-8"?>
<!-- Generated by org.testng.reporters.JUnitReportReporter -->
<testsuite skipped="0" hostname="LAPTOP-D8G97AUN" name="testcases.PlantationIncomingDOViewAssociatedDocs" tests="1" failures="0" timestamp="15 Oct 2020 19:01:36 GMT" time="25.961" errors="0">
  <testcase name="loginLogOut" time="25.961" classname="testcases.PlantationIncomingDOViewAssociatedDocs"/>
</testsuite> <!-- testcases.PlantationIncomingDOViewAssociatedDocs -->
