<?xml version="1.0" encoding="UTF-8"?>
<!-- Generated by org.testng.reporters.JUnitReportReporter -->
<testsuite skipped="0" hostname="LAPTOP-D8G97AUN" name="testcases.PlantationCreateBin" tests="1" failures="0" timestamp="21 Aug 2020 08:08:26 GMT" time="32.643" errors="0">
  <testcase name="loginLogOut" time="32.643" classname="testcases.PlantationCreateBin"/>
</testsuite> <!-- testcases.PlantationCreateBin -->
