<?xml version="1.0" encoding="UTF-8"?>
<!-- Generated by org.testng.reporters.JUnitReportReporter -->
<testsuite skipped="0" hostname="LAPTOP-D8G97AUN" name="testcases.RefineryIncomingDOAddWeighbridge" tests="1" failures="0" timestamp="01 Aug 2020 20:27:26 GMT" time="21.056" errors="0">
  <testcase name="loginLogOut" time="21.056" classname="testcases.RefineryIncomingDOAddWeighbridge"/>
</testsuite> <!-- testcases.RefineryIncomingDOAddWeighbridge -->
