<?xml version="1.0" encoding="UTF-8"?>
<!-- Generated by org.testng.reporters.JUnitReportReporter -->
<testsuite skipped="0" hostname="LAPTOP-D8G97AUN" name="testcases.PalmOilMillAuditReport" tests="1" failures="0" timestamp="01 Aug 2020 09:49:08 GMT" time="24.777" errors="0">
  <testcase name="loginLogOut" time="24.777" classname="testcases.PalmOilMillAuditReport"/>
</testsuite> <!-- testcases.PalmOilMillAuditReport -->
