<?xml version="1.0" encoding="UTF-8"?>
<!-- Generated by org.testng.reporters.JUnitReportReporter -->
<testsuite skipped="0" hostname="LAPTOP-D8G97AUN" name="testcases.PalmOilMillPartnerManagementNewRequestsChooseActionDecline" tests="1" failures="0" timestamp="01 Aug 2020 19:15:20 GMT" time="20.036" errors="0">
  <testcase name="loginLogOut" time="20.036" classname="testcases.PalmOilMillPartnerManagementNewRequestsChooseActionDecline"/>
</testsuite> <!-- testcases.PalmOilMillPartnerManagementNewRequestsChooseActionDecline -->
