<?xml version="1.0" encoding="UTF-8"?>
<!-- Generated by org.testng.reporters.JUnitReportReporter -->
<testsuite skipped="0" hostname="LAPTOP-D8G97AUN" name="testcases.RefineryPartnerManagementAddPartner" tests="1" failures="0" timestamp="01 Aug 2020 20:49:24 GMT" time="22.868" errors="0">
  <testcase name="loginLogOut" time="22.868" classname="testcases.RefineryPartnerManagementAddPartner"/>
</testsuite> <!-- testcases.RefineryPartnerManagementAddPartner -->
