<?xml version="1.0" encoding="UTF-8"?>
<!-- Generated by org.testng.reporters.JUnitReportReporter -->
<testsuite skipped="0" hostname="LAPTOP-D8G97AUN" name="testcases.PalmOilMillProductionPlotInput" tests="1" failures="0" timestamp="21 Oct 2020 11:19:25 GMT" time="32.636" errors="0">
  <testcase name="loginLogOut" time="32.636" classname="testcases.PalmOilMillProductionPlotInput"/>
</testsuite> <!-- testcases.PalmOilMillProductionPlotInput -->
