<?xml version="1.0" encoding="UTF-8"?>
<!-- Generated by org.testng.reporters.JUnitReportReporter -->
<testsuite skipped="0" hostname="LAPTOP-D8G97AUN" name="testcases.PalmOilMillPartnerManagementPartnerListViewDeletePartner" tests="1" failures="0" timestamp="01 Aug 2020 19:17:53 GMT" time="22.478" errors="0">
  <testcase name="loginLogOut" time="22.478" classname="testcases.PalmOilMillPartnerManagementPartnerListViewDeletePartner"/>
</testsuite> <!-- testcases.PalmOilMillPartnerManagementPartnerListViewDeletePartner -->
