<?xml version="1.0" encoding="UTF-8"?>
<!-- Generated by org.testng.reporters.JUnitReportReporter -->
<testsuite skipped="0" hostname="LAPTOP-D8G97AUN" name="testcases.PlantationCreateBin" tests="1" failures="0" timestamp="01 Aug 2020 19:40:34 GMT" time="29.240" errors="0">
  <testcase name="loginLogOut" time="29.240" classname="testcases.PlantationCreateBin"/>
</testsuite> <!-- testcases.PlantationCreateBin -->
