<?xml version="1.0" encoding="UTF-8"?>
<!-- Generated by org.testng.reporters.JUnitReportReporter -->
<testsuite skipped="0" hostname="LAPTOP-D8G97AUN" name="testcases.PalmOilMillProductTraceTree" tests="1" failures="0" timestamp="01 Aug 2020 19:29:18 GMT" time="34.442" errors="0">
  <testcase name="loginLogOut" time="34.442" classname="testcases.PalmOilMillProductTraceTree"/>
</testsuite> <!-- testcases.PalmOilMillProductTraceTree -->
