<?xml version="1.0" encoding="UTF-8"?>
<!-- Generated by org.testng.reporters.JUnitReportReporter -->
<testsuite skipped="0" hostname="LAPTOP-D8G97AUN" name="testcases.PalmOilMillIncomingDOAddWeighbridge" tests="1" failures="0" timestamp="18 Aug 2020 15:14:05 GMT" time="19.756" errors="0">
  <testcase name="loginLogOut" time="19.756" classname="testcases.PalmOilMillIncomingDOAddWeighbridge"/>
</testsuite> <!-- testcases.PalmOilMillIncomingDOAddWeighbridge -->
