<?xml version="1.0" encoding="UTF-8"?>
<!-- Generated by org.testng.reporters.JUnitReportReporter -->
<testsuite skipped="0" hostname="LAPTOP-D8G97AUN" name="testcases.RefineryProductTraceMap" tests="1" failures="0" timestamp="01 Aug 2020 20:59:51 GMT" time="18.702" errors="0">
  <testcase name="loginLogOut" time="18.702" classname="testcases.RefineryProductTraceMap"/>
</testsuite> <!-- testcases.RefineryProductTraceMap -->
