<?xml version="1.0" encoding="UTF-8"?>
<!-- Generated by org.testng.reporters.JUnitReportReporter -->
<testsuite skipped="0" hostname="paxel0014" name="testcases.CreateTicketPlantation" tests="1" failures="0" timestamp="15 Jul 2020 20:12:12 GMT" time="23.511" errors="0">
  <testcase name="loginLogOut" time="23.511" classname="testcases.CreateTicketPlantation"/>
</testsuite> <!-- testcases.CreateTicketPlantation -->
