<?xml version="1.0" encoding="UTF-8"?>
<!-- Generated by org.testng.reporters.JUnitReportReporter -->
<testsuite skipped="0" hostname="LAPTOP-D8G97AUN" name="testcases.PlantationCreateNewDO" tests="1" failures="0" timestamp="21 Aug 2020 11:08:10 GMT" time="48.037" errors="0">
  <testcase name="loginLogOut" time="48.037" classname="testcases.PlantationCreateNewDO"/>
</testsuite> <!-- testcases.PlantationCreateNewDO -->
