<?xml version="1.0" encoding="UTF-8"?>
<!-- Generated by org.testng.reporters.JUnitReportReporter -->
<testsuite skipped="0" hostname="paxel0014" name="testcases.TC003_SubmitWorkDetail" tests="1" failures="0" timestamp="15 Jul 2020 09:59:11 GMT" time="21.999" errors="0">
  <testcase name="loginLogOut" time="21.999" classname="testcases.TC003_SubmitWorkDetail"/>
</testsuite> <!-- testcases.TC003_SubmitWorkDetail -->
