<?xml version="1.0" encoding="UTF-8"?>
<!-- Generated by org.testng.reporters.JUnitReportReporter -->
<testsuite skipped="0" hostname="paxel0014" name="testcases.CreateReportCPOQuality" tests="1" failures="0" timestamp="15 Jul 2020 20:11:03 GMT" time="20.299" errors="0">
  <testcase name="loginLogOut" time="20.299" classname="testcases.CreateReportCPOQuality"/>
</testsuite> <!-- testcases.CreateReportCPOQuality -->
