<?xml version="1.0" encoding="UTF-8"?>
<!-- Generated by org.testng.reporters.JUnitReportReporter -->
<testsuite skipped="0" hostname="LAPTOP-D8G97AUN" name="testcases.RefineryAuditReport" tests="1" failures="0" timestamp="01 Aug 2020 20:18:06 GMT" time="15.678" errors="0">
  <testcase name="loginLogOut" time="15.678" classname="testcases.RefineryAuditReport"/>
</testsuite> <!-- testcases.RefineryAuditReport -->
