<?xml version="1.0" encoding="UTF-8"?>
<!-- Generated by org.testng.reporters.JUnitReportReporter -->
<testsuite skipped="0" hostname="LAPTOP-D8G97AUN" name="testcases.PlantationPartnerManagementAddPartner" tests="1" failures="0" timestamp="01 Aug 2020 20:10:14 GMT" time="22.890" errors="0">
  <testcase name="loginLogOut" time="22.890" classname="testcases.PlantationPartnerManagementAddPartner"/>
</testsuite> <!-- testcases.PlantationPartnerManagementAddPartner -->
