<?xml version="1.0" encoding="UTF-8"?>
<!-- Generated by org.testng.reporters.JUnitReportReporter -->
<testsuite skipped="0" hostname="LAPTOP-D8G97AUN" name="testcases.PalmOilMillCreateReportCPOQuality" tests="1" failures="0" timestamp="01 Aug 2020 18:27:53 GMT" time="28.834" errors="0">
  <testcase name="loginLogOut" time="28.834" classname="testcases.PalmOilMillCreateReportCPOQuality"/>
</testsuite> <!-- testcases.PalmOilMillCreateReportCPOQuality -->
