<?xml version="1.0" encoding="UTF-8"?>
<!-- Generated by org.testng.reporters.JUnitReportReporter -->
<testsuite skipped="0" hostname="LAPTOP-D8G97AUN" name="testcases.PalmOilMillOutgoingDOVIEWAttachments" tests="1" failures="0" timestamp="01 Aug 2020 19:12:36 GMT" time="21.955" errors="0">
  <testcase name="loginLogOut" time="21.955" classname="testcases.PalmOilMillOutgoingDOVIEWAttachments"/>
</testsuite> <!-- testcases.PalmOilMillOutgoingDOVIEWAttachments -->
