<?xml version="1.0" encoding="UTF-8"?>
<!-- Generated by org.testng.reporters.JUnitReportReporter -->
<testsuite skipped="0" hostname="LAPTOP-D8G97AUN" name="testcases.PalmOilMillDraftNewDO" tests="1" failures="0" timestamp="14 Aug 2020 09:01:54 GMT" time="39.247" errors="0">
  <testcase name="loginLogOut" time="39.247" classname="testcases.PalmOilMillDraftNewDO"/>
</testsuite> <!-- testcases.PalmOilMillDraftNewDO -->
