<?xml version="1.0" encoding="UTF-8"?>
<!-- Generated by org.testng.reporters.JUnitReportReporter -->
<testsuite skipped="0" hostname="LAPTOP-D8G97AUN" name="testcases.PalmOilMillIncomingDOStatusChangeToDelivered" tests="1" failures="0" timestamp="21 Aug 2020 11:11:09 GMT" time="33.784" errors="0">
  <testcase name="loginLogOut" time="33.784" classname="testcases.PalmOilMillIncomingDOStatusChangeToDelivered"/>
</testsuite> <!-- testcases.PalmOilMillIncomingDOStatusChangeToDelivered -->
