<?xml version="1.0" encoding="UTF-8"?>
<!-- Generated by org.testng.reporters.JUnitReportReporter -->
<testsuite skipped="0" hostname="LAPTOP-D8G97AUN" name="testcases.PalmOilMillIncomingDOAddFFBQuality" tests="1" failures="0" timestamp="01 Aug 2020 18:44:17 GMT" time="30.816" errors="0">
  <testcase name="loginLogOut" time="30.816" classname="testcases.PalmOilMillIncomingDOAddFFBQuality"/>
</testsuite> <!-- testcases.PalmOilMillIncomingDOAddFFBQuality -->
