<?xml version="1.0" encoding="UTF-8"?>
<!-- Generated by org.testng.reporters.JUnitReportReporter -->
<testsuite skipped="0" hostname="LAPTOP-D8G97AUN" name="testcases.RefineryOutgoingDOAddWeighbridge" tests="1" failures="0" timestamp="18 Aug 2020 16:43:05 GMT" time="19.376" errors="0">
  <testcase name="loginLogOut" time="19.376" classname="testcases.RefineryOutgoingDOAddWeighbridge"/>
</testsuite> <!-- testcases.RefineryOutgoingDOAddWeighbridge -->
