<?xml version="1.0" encoding="UTF-8"?>
<!-- Generated by org.testng.reporters.JUnitReportReporter -->
<testsuite skipped="0" hostname="LAPTOP-D8G97AUN" name="testcases.RefineryPartnerManagementNewRequestsChooseActionAccept" tests="1" failures="0" timestamp="01 Aug 2020 20:51:41 GMT" time="13.069" errors="0">
  <testcase name="loginLogOut" time="13.069" classname="testcases.RefineryPartnerManagementNewRequestsChooseActionAccept"/>
</testsuite> <!-- testcases.RefineryPartnerManagementNewRequestsChooseActionAccept -->
