<?xml version="1.0" encoding="UTF-8"?>
<!-- Generated by org.testng.reporters.JUnitReportReporter -->
<testsuite skipped="0" hostname="LAPTOP-D8G97AUN" name="testcases.PlantationPartnerManagementPartnerListViewDeletePartner" tests="1" failures="0" timestamp="01 Aug 2020 20:16:20 GMT" time="16.262" errors="0">
  <testcase name="loginLogOut" time="16.262" classname="testcases.PlantationPartnerManagementPartnerListViewDeletePartner"/>
</testsuite> <!-- testcases.PlantationPartnerManagementPartnerListViewDeletePartner -->
