<?xml version="1.0" encoding="UTF-8"?>
<!-- Generated by org.testng.reporters.JUnitReportReporter -->
<testsuite skipped="0" hostname="LAPTOP-D8G97AUN" name="testcases.PalmOilMillQualityCreateReportCPOQuality" tests="1" failures="0" timestamp="01 Aug 2020 19:31:37 GMT" time="19.550" errors="0">
  <testcase name="loginLogOut" time="19.550" classname="testcases.PalmOilMillQualityCreateReportCPOQuality"/>
</testsuite> <!-- testcases.PalmOilMillQualityCreateReportCPOQuality -->
