<?xml version="1.0" encoding="UTF-8"?>
<!-- Generated by org.testng.reporters.JUnitReportReporter -->
<testsuite skipped="0" hostname="LAPTOP-D8G97AUN" name="testcases.PalmOilMillIncomingDOViewAssociatedDocs" tests="1" failures="0" timestamp="01 Aug 2020 19:08:15 GMT" time="21.756" errors="0">
  <testcase name="loginLogOut" time="21.756" classname="testcases.PalmOilMillIncomingDOViewAssociatedDocs"/>
</testsuite> <!-- testcases.PalmOilMillIncomingDOViewAssociatedDocs -->
