<?xml version="1.0" encoding="UTF-8"?>
<!-- Generated by org.testng.reporters.JUnitReportReporter -->
<testsuite skipped="0" hostname="LAPTOP-D8G97AUN" name="testcases.PalmOilMillProductionPlotInput" tests="1" failures="0" timestamp="01 Aug 2020 19:18:38 GMT" time="26.464" errors="0">
  <testcase name="loginLogOut" time="26.464" classname="testcases.PalmOilMillProductionPlotInput"/>
</testsuite> <!-- testcases.PalmOilMillProductionPlotInput -->
