<?xml version="1.0" encoding="UTF-8"?>
<!-- Generated by org.testng.reporters.JUnitReportReporter -->
<testsuite skipped="0" hostname="paxel0014" name="testcases.CreateWorkSmallHolder" tests="1" failures="0" timestamp="15 Jul 2020 09:59:11 GMT" time="22.033" errors="0">
  <testcase name="loginLogOut" time="22.033" classname="testcases.CreateWorkSmallHolder"/>
</testsuite> <!-- testcases.CreateWorkSmallHolder -->
