<?xml version="1.0" encoding="UTF-8"?>
<!-- Generated by org.testng.reporters.JUnitReportReporter -->
<testsuite skipped="0" hostname="LAPTOP-D8G97AUN" name="testcases.RefineryWeighbridgeCreateSlip" tests="1" failures="0" timestamp="01 Aug 2020 21:02:09 GMT" time="20.213" errors="0">
  <testcase name="loginLogOut" time="20.213" classname="testcases.RefineryWeighbridgeCreateSlip"/>
</testsuite> <!-- testcases.RefineryWeighbridgeCreateSlip -->
