<?xml version="1.0" encoding="UTF-8"?>
<!-- Generated by org.testng.reporters.JUnitReportReporter -->
<testsuite skipped="0" hostname="LAPTOP-D8G97AUN" name="testcases.PalmOilMillOutgoingDOAddWeighbridge" tests="1" failures="0" timestamp="18 Aug 2020 15:49:56 GMT" time="19.375" errors="0">
  <testcase name="loginLogOut" time="19.375" classname="testcases.PalmOilMillOutgoingDOAddWeighbridge"/>
</testsuite> <!-- testcases.PalmOilMillOutgoingDOAddWeighbridge -->
