<?xml version="1.0" encoding="UTF-8"?>
<!-- Generated by org.testng.reporters.JUnitReportReporter -->
<testsuite skipped="0" hostname="LAPTOP-D8G97AUN" name="testcases.PlantationCreateTicket" tests="1" failures="0" timestamp="01 Aug 2020 19:44:34 GMT" time="22.018" errors="0">
  <testcase name="loginLogOut" time="22.018" classname="testcases.PlantationCreateTicket"/>
</testsuite> <!-- testcases.PlantationCreateTicket -->
