<?xml version="1.0" encoding="UTF-8"?>
<!-- Generated by org.testng.reporters.JUnitReportReporter -->
<testsuite skipped="0" hostname="LAPTOP-D8G97AUN" name="testcases.PlantationCreateTicket" tests="4" failures="0" timestamp="21 Aug 2020 07:57:52 GMT" time="126.173" errors="0">
  <testcase name="loginLogOut" time="30.454" classname="testcases.PlantationCreateTicket"/>
  <testcase name="loginLogOut" time="34.896" classname="testcases.PlantationCreateTicket"/>
  <testcase name="loginLogOut" time="31.112" classname="testcases.PlantationCreateTicket"/>
  <testcase name="loginLogOut" time="29.711" classname="testcases.PlantationCreateTicket"/>
</testsuite> <!-- testcases.PlantationCreateTicket -->
