<?xml version="1.0" encoding="UTF-8"?>
<!-- Generated by org.testng.reporters.JUnitReportReporter -->
<testsuite skipped="0" hostname="paxel0014" name="testcases.CreateReportFFBQuality" tests="1" failures="0" timestamp="19 Jul 2020 19:09:34 GMT" time="48.299" errors="0">
  <testcase name="loginLogOut" time="48.299" classname="testcases.CreateReportFFBQuality"/>
</testsuite> <!-- testcases.CreateReportFFBQuality -->
