<?xml version="1.0" encoding="UTF-8"?>
<!-- Generated by org.testng.reporters.JUnitReportReporter -->
<testsuite skipped="0" hostname="LAPTOP-D8G97AUN" name="testcases.PalmOilMillCreateNewDO" tests="1" failures="0" timestamp="01 Aug 2020 18:27:06 GMT" time="46.438" errors="0">
  <testcase name="loginLogOut" time="46.438" classname="testcases.PalmOilMillCreateNewDO"/>
</testsuite> <!-- testcases.PalmOilMillCreateNewDO -->
