<?xml version="1.0" encoding="UTF-8"?>
<!-- Generated by org.testng.reporters.JUnitReportReporter -->
<testsuite skipped="0" hostname="LAPTOP-D8G97AUN" name="testcases.PalmOilMillIncomingDOViewAttachments" tests="1" failures="0" timestamp="09 Aug 2020 19:21:35 GMT" time="18.804" errors="0">
  <testcase name="loginLogOut" time="18.804" classname="testcases.PalmOilMillIncomingDOViewAttachments"/>
</testsuite> <!-- testcases.PalmOilMillIncomingDOViewAttachments -->
