<?xml version="1.0" encoding="UTF-8"?>
<!-- Generated by org.testng.reporters.JUnitReportReporter -->
<testsuite skipped="0" hostname="LAPTOP-D8G97AUN" name="testcases.US18_10_11_12_13_14_15_TDM_ViewAllDO" tests="1" failures="0" timestamp="31 Aug 2020 20:09:24 GMT" time="16.195" errors="0">
  <testcase name="loginLogOut" time="16.195" classname="testcases.US18_10_11_12_13_14_15_TDM_ViewAllDO"/>
</testsuite> <!-- testcases.US18_10_11_12_13_14_15_TDM_ViewAllDO -->
