<?xml version="1.0" encoding="UTF-8"?>
<!-- Generated by org.testng.reporters.JUnitReportReporter -->
<testsuite skipped="0" hostname="LAPTOP-D8G97AUN" name="testcases.RefineryIncomingDOViewAttachments" tests="1" failures="0" timestamp="01 Aug 2020 20:33:32 GMT" time="15.402" errors="0">
  <testcase name="loginLogOut" time="15.402" classname="testcases.RefineryIncomingDOViewAttachments"/>
</testsuite> <!-- testcases.RefineryIncomingDOViewAttachments -->
