<?xml version="1.0" encoding="UTF-8"?>
<!-- Generated by org.testng.reporters.JUnitReportReporter -->
<testsuite skipped="0" hostname="LAPTOP-D8G97AUN" name="testcases.CreateNewDO" tests="1" failures="0" timestamp="01 Aug 2020 18:21:47 GMT" time="45.796" errors="0">
  <testcase name="loginLogOut" time="45.796" classname="testcases.CreateNewDO"/>
</testsuite> <!-- testcases.CreateNewDO -->
