<?xml version="1.0" encoding="UTF-8"?>
<!-- Generated by org.testng.reporters.JUnitReportReporter -->
<testsuite skipped="0" hostname="LAPTOP-D8G97AUN" name="testcases.CreateNewWeighBridge" tests="1" failures="0" timestamp="01 Aug 2020 18:23:00 GMT" time="27.884" errors="0">
  <testcase name="loginLogOut" time="27.884" classname="testcases.CreateNewWeighBridge"/>
</testsuite> <!-- testcases.CreateNewWeighBridge -->
