<?xml version="1.0" encoding="UTF-8"?>
<!-- Generated by org.testng.reporters.JUnitReportReporter -->
<testsuite skipped="0" hostname="LAPTOP-D8G97AUN" name="testcases.PlantationProductionCreatePlotInput" tests="1" failures="0" timestamp="01 Aug 2020 20:17:35 GMT" time="20.684" errors="0">
  <testcase name="loginLogOut" time="20.684" classname="testcases.PlantationProductionCreatePlotInput"/>
</testsuite> <!-- testcases.PlantationProductionCreatePlotInput -->
